[2022-11-04T00:50:10.153Z] Log level: Info
[2022-11-04T00:50:10.154Z] [info] Validating found git in: git
[2022-11-04T00:50:10.166Z] [info] Using git 2.38.1 from git
[2022-11-04T00:50:10.172Z] > git rev-parse --show-toplevel [2ms]
[2022-11-04T00:50:10.172Z] fatal: not a git repository (or any parent up to mount point /)
Stopping at filesystem boundary (GIT_DISCOVERY_ACROSS_FILESYSTEM not set).
[2022-11-04T00:50:10.176Z] > git rev-parse --show-toplevel [1ms]
[2022-11-04T00:50:10.177Z] fatal: not a git repository (or any parent up to mount point /)
Stopping at filesystem boundary (GIT_DISCOVERY_ACROSS_FILESYSTEM not set).
[2022-11-04T00:50:10.179Z] > git rev-parse --show-toplevel [1ms]
[2022-11-04T00:50:10.179Z] fatal: not a git repository (or any parent up to mount point /)
Stopping at filesystem boundary (GIT_DISCOVERY_ACROSS_FILESYSTEM not set).
[2022-11-04T00:50:10.189Z] > git rev-parse --show-toplevel [8ms]
[2022-11-04T00:50:10.189Z] fatal: not a git repository (or any parent up to mount point /)
Stopping at filesystem boundary (GIT_DISCOVERY_ACROSS_FILESYSTEM not set).
[2022-11-04T00:50:10.192Z] > git rev-parse --show-toplevel [1ms]
[2022-11-04T00:50:10.192Z] fatal: not a git repository (or any parent up to mount point /)
Stopping at filesystem boundary (GIT_DISCOVERY_ACROSS_FILESYSTEM not set).
[2022-11-04T00:50:10.195Z] > git rev-parse --show-toplevel [0ms]
[2022-11-04T00:50:10.195Z] fatal: not a git repository (or any parent up to mount point /)
Stopping at filesystem boundary (GIT_DISCOVERY_ACROSS_FILESYSTEM not set).
[2022-11-04T00:50:10.198Z] > git rev-parse --show-toplevel [0ms]
[2022-11-04T00:50:10.198Z] fatal: not a git repository (or any parent up to mount point /)
Stopping at filesystem boundary (GIT_DISCOVERY_ACROSS_FILESYSTEM not set).
[2022-11-04T00:50:10.201Z] > git rev-parse --show-toplevel [0ms]
[2022-11-04T00:50:10.201Z] fatal: not a git repository (or any parent up to mount point /)
Stopping at filesystem boundary (GIT_DISCOVERY_ACROSS_FILESYSTEM not set).
[2022-11-04T00:50:10.204Z] > git rev-parse --show-toplevel [0ms]
[2022-11-04T00:50:10.204Z] fatal: not a git repository (or any parent up to mount point /)
Stopping at filesystem boundary (GIT_DISCOVERY_ACROSS_FILESYSTEM not set).
[2022-11-04T00:50:10.213Z] > git rev-parse --show-toplevel [7ms]
[2022-11-04T00:50:10.214Z] fatal: not a git repository (or any parent up to mount point /)
Stopping at filesystem boundary (GIT_DISCOVERY_ACROSS_FILESYSTEM not set).
[2022-11-04T00:50:10.216Z] > git rev-parse --show-toplevel [1ms]
[2022-11-04T00:50:10.216Z] fatal: not a git repository (or any parent up to mount point /)
Stopping at filesystem boundary (GIT_DISCOVERY_ACROSS_FILESYSTEM not set).
[2022-11-04T00:50:10.219Z] > git rev-parse --show-toplevel [1ms]
[2022-11-04T00:50:10.221Z] > git rev-parse --git-dir --git-common-dir [0ms]
[2022-11-04T00:50:10.223Z] [info] Open repository: /home/will/.nvm
[2022-11-04T00:50:10.228Z] > git rev-parse --show-toplevel [0ms]
[2022-11-04T00:50:10.228Z] fatal: not a git repository (or any parent up to mount point /)
Stopping at filesystem boundary (GIT_DISCOVERY_ACROSS_FILESYSTEM not set).
[2022-11-04T00:50:10.231Z] > git rev-parse --show-toplevel [1ms]
[2022-11-04T00:50:10.231Z] fatal: not a git repository (or any parent up to mount point /)
Stopping at filesystem boundary (GIT_DISCOVERY_ACROSS_FILESYSTEM not set).
[2022-11-04T00:50:10.233Z] > git rev-parse --show-toplevel [0ms]
[2022-11-04T00:50:10.233Z] fatal: not a git repository (or any parent up to mount point /)
Stopping at filesystem boundary (GIT_DISCOVERY_ACROSS_FILESYSTEM not set).
[2022-11-04T00:50:10.235Z] > git rev-parse --show-toplevel [0ms]
[2022-11-04T00:50:10.235Z] fatal: not a git repository (or any parent up to mount point /)
Stopping at filesystem boundary (GIT_DISCOVERY_ACROSS_FILESYSTEM not set).
[2022-11-04T00:50:10.237Z] > git rev-parse --show-toplevel [0ms]
[2022-11-04T00:50:10.237Z] fatal: not a git repository (or any parent up to mount point /)
Stopping at filesystem boundary (GIT_DISCOVERY_ACROSS_FILESYSTEM not set).
[2022-11-04T00:50:10.239Z] > git rev-parse --show-toplevel [0ms]
[2022-11-04T00:50:10.239Z] fatal: not a git repository (or any parent up to mount point /)
Stopping at filesystem boundary (GIT_DISCOVERY_ACROSS_FILESYSTEM not set).
[2022-11-04T00:50:10.242Z] > git status -z -uall [17ms]
[2022-11-04T00:50:10.244Z] > git rev-parse --show-toplevel [3ms]
[2022-11-04T00:50:10.244Z] fatal: not a git repository (or any parent up to mount point /)
Stopping at filesystem boundary (GIT_DISCOVERY_ACROSS_FILESYSTEM not set).
[2022-11-04T00:50:10.247Z] > git symbolic-ref --short HEAD [3ms]
[2022-11-04T00:50:10.247Z] fatal: ref HEAD is not a symbolic ref
[2022-11-04T00:50:10.249Z] > git rev-parse --show-toplevel [2ms]
[2022-11-04T00:50:10.249Z] fatal: not a git repository (or any parent up to mount point /)
Stopping at filesystem boundary (GIT_DISCOVERY_ACROSS_FILESYSTEM not set).
[2022-11-04T00:50:10.251Z] > git rev-parse HEAD [2ms]
[2022-11-04T00:50:10.256Z] > git remote --verbose [1ms]
[2022-11-04T00:50:10.256Z] > git for-each-ref --sort -committerdate --format %(refname) %(objectname) %(*objectname) [3ms]
[2022-11-04T00:50:10.257Z] > git rev-parse --show-toplevel [6ms]
[2022-11-04T00:50:10.257Z] fatal: not a git repository (or any parent up to mount point /)
Stopping at filesystem boundary (GIT_DISCOVERY_ACROSS_FILESYSTEM not set).
[2022-11-04T00:50:10.262Z] > git rev-parse --show-toplevel [3ms]
[2022-11-04T00:50:10.262Z] fatal: not a git repository (or any parent up to mount point /)
Stopping at filesystem boundary (GIT_DISCOVERY_ACROSS_FILESYSTEM not set).
[2022-11-04T00:50:10.265Z] > git config --get commit.template [3ms]
[2022-11-04T00:50:10.268Z] > git rev-parse --show-toplevel [4ms]
[2022-11-04T00:50:10.268Z] fatal: not a git repository (or any parent up to mount point /)
Stopping at filesystem boundary (GIT_DISCOVERY_ACROSS_FILESYSTEM not set).
[2022-11-04T00:50:10.272Z] > git status -z -uall [4ms]
[2022-11-04T00:50:10.275Z] > git symbolic-ref --short HEAD [0ms]
[2022-11-04T00:50:10.275Z] fatal: ref HEAD is not a symbolic ref
[2022-11-04T00:50:10.278Z] > git rev-parse HEAD [1ms]
[2022-11-04T00:50:10.282Z] > git for-each-ref --sort -committerdate --format %(refname) %(objectname) %(*objectname) [2ms]
[2022-11-04T00:50:10.284Z] > git remote --verbose [2ms]
[2022-11-04T00:50:10.288Z] > git config --get commit.template [1ms]
[2022-11-04T00:50:10.469Z] > git rev-parse --show-toplevel [1ms]
[2022-11-04T00:50:10.469Z] fatal: not a git repository (or any parent up to mount point /)
Stopping at filesystem boundary (GIT_DISCOVERY_ACROSS_FILESYSTEM not set).
[2022-11-04T00:50:10.745Z] > git check-ignore -v -z --stdin [1ms]
