[2022-11-04T02:46:10.827Z] Log level: Info
[2022-11-04T02:46:10.827Z] [info] Validating found git in: git
[2022-11-04T02:46:10.836Z] [info] Using git 2.38.1 from git
[2022-11-04T02:46:10.844Z] > git rev-parse --show-toplevel [2ms]
[2022-11-04T02:46:10.849Z] > git rev-parse --git-dir --git-common-dir [1ms]
[2022-11-04T02:46:10.851Z] [info] Open repository: /home/will/repos/dotfile
[2022-11-04T02:46:10.860Z] > git status -z -uall [5ms]
[2022-11-04T02:46:10.862Z] > git rev-parse --show-toplevel [3ms]
[2022-11-04T02:46:10.866Z] > git rev-parse --show-toplevel [1ms]
[2022-11-04T02:46:10.866Z] > git symbolic-ref --short HEAD [4ms]
[2022-11-04T02:46:10.876Z] > git for-each-ref --format=%(refname)%00%(upstream:short)%00%(objectname)%00%(upstream:track)%00%(upstream:remotename)%00%(upstream:remoteref) refs/heads/main refs/remotes/main [6ms]
[2022-11-04T02:46:10.883Z] > git remote --verbose [1ms]
[2022-11-04T02:46:10.883Z] > git for-each-ref --sort -committerdate --format %(refname) %(objectname) %(*objectname) [4ms]
[2022-11-04T02:46:10.889Z] > git config --get commit.template [1ms]
[2022-11-04T02:46:10.893Z] > git status -z -uall [1ms]
[2022-11-04T02:46:10.895Z] > git symbolic-ref --short HEAD [0ms]
[2022-11-04T02:46:10.898Z] > git for-each-ref --format=%(refname)%00%(upstream:short)%00%(objectname)%00%(upstream:track)%00%(upstream:remotename)%00%(upstream:remoteref) refs/heads/main refs/remotes/main [1ms]
[2022-11-04T02:46:10.905Z] > git for-each-ref --sort -committerdate --format %(refname) %(objectname) %(*objectname) [4ms]
[2022-11-04T02:46:10.905Z] > git remote --verbose [1ms]
[2022-11-04T02:46:10.908Z] > git config --get commit.template [0ms]
[2022-11-04T02:46:11.416Z] > git check-ignore -v -z --stdin [1ms]
[2022-11-04T02:46:13.918Z] > git check-ignore -v -z --stdin [1ms]
[2022-11-04T02:46:14.708Z] > git show --textconv :.local/bin/scream-restart [4ms]
[2022-11-04T02:46:14.709Z] > git ls-files --stage -- /home/will/repos/dotfile/.local/bin/scream-restart [1ms]
[2022-11-04T02:46:14.712Z] > git cat-file -s f94b0c0b00422cafa8496d035fec15fab64fc33d [0ms]
[2022-11-04T02:46:18.548Z] > git status -z -uall [1ms]
[2022-11-04T02:46:18.553Z] > git symbolic-ref --short HEAD [1ms]
[2022-11-04T02:46:18.557Z] > git for-each-ref --format=%(refname)%00%(upstream:short)%00%(objectname)%00%(upstream:track)%00%(upstream:remotename)%00%(upstream:remoteref) refs/heads/main refs/remotes/main [0ms]
[2022-11-04T02:46:18.565Z] > git remote --verbose [1ms]
[2022-11-04T02:46:18.565Z] > git for-each-ref --sort -committerdate --format %(refname) %(objectname) %(*objectname) [4ms]
[2022-11-04T02:46:18.571Z] > git config --get commit.template [1ms]
[2022-11-04T02:46:20.734Z] > git check-ignore -v -z --stdin [0ms]
[2022-11-04T02:46:23.577Z] > git status -z -uall [1ms]
[2022-11-04T02:46:23.581Z] > git symbolic-ref --short HEAD [1ms]
[2022-11-04T02:46:23.586Z] > git for-each-ref --format=%(refname)%00%(upstream:short)%00%(objectname)%00%(upstream:track)%00%(upstream:remotename)%00%(upstream:remoteref) refs/heads/main refs/remotes/main [1ms]
[2022-11-04T02:46:23.593Z] > git remote --verbose [0ms]
[2022-11-04T02:46:23.594Z] > git for-each-ref --sort -committerdate --format %(refname) %(objectname) %(*objectname) [5ms]
[2022-11-04T02:46:23.599Z] > git config --get commit.template [1ms]
[2022-11-04T02:46:43.362Z] > git status -z -uall [1ms]
[2022-11-04T02:46:43.366Z] > git symbolic-ref --short HEAD [1ms]
[2022-11-04T02:46:43.369Z] > git for-each-ref --format=%(refname)%00%(upstream:short)%00%(objectname)%00%(upstream:track)%00%(upstream:remotename)%00%(upstream:remoteref) refs/heads/main refs/remotes/main [0ms]
[2022-11-04T02:46:43.376Z] > git remote --verbose [1ms]
[2022-11-04T02:46:43.376Z] > git for-each-ref --sort -committerdate --format %(refname) %(objectname) %(*objectname) [4ms]
[2022-11-04T02:46:43.383Z] > git config --get commit.template [0ms]
[2022-11-04T02:46:48.390Z] > git status -z -uall [1ms]
[2022-11-04T02:46:48.394Z] > git symbolic-ref --short HEAD [1ms]
[2022-11-04T02:46:48.397Z] > git for-each-ref --format=%(refname)%00%(upstream:short)%00%(objectname)%00%(upstream:track)%00%(upstream:remotename)%00%(upstream:remoteref) refs/heads/main refs/remotes/main [0ms]
[2022-11-04T02:46:48.403Z] > git for-each-ref --sort -committerdate --format %(refname) %(objectname) %(*objectname) [3ms]
[2022-11-04T02:46:48.403Z] > git remote --verbose [1ms]
[2022-11-04T02:46:48.408Z] > git config --get commit.template [1ms]
[2022-11-04T02:48:00.273Z] > git check-ignore -v -z --stdin [1ms]
[2022-11-04T02:48:01.190Z] > git check-ignore -v -z --stdin [1ms]
[2022-11-04T02:48:15.653Z] > git check-ignore -v -z --stdin [0ms]
[2022-11-04T02:48:31.638Z] > git check-ignore -v -z --stdin [1ms]
[2022-11-04T02:48:32.180Z] > git status -z -uall [1ms]
[2022-11-04T02:48:32.184Z] > git symbolic-ref --short HEAD [0ms]
[2022-11-04T02:48:32.187Z] > git for-each-ref --format=%(refname)%00%(upstream:short)%00%(objectname)%00%(upstream:track)%00%(upstream:remotename)%00%(upstream:remoteref) refs/heads/main refs/remotes/main [0ms]
[2022-11-04T02:48:32.193Z] > git remote --verbose [1ms]
[2022-11-04T02:48:32.193Z] > git for-each-ref --sort -committerdate --format %(refname) %(objectname) %(*objectname) [3ms]
[2022-11-04T02:48:32.200Z] > git config --get commit.template [0ms]
[2022-11-04T02:48:37.640Z] > git status -z -uall [0ms]
[2022-11-04T02:48:37.644Z] > git symbolic-ref --short HEAD [0ms]
[2022-11-04T02:48:37.649Z] > git for-each-ref --format=%(refname)%00%(upstream:short)%00%(objectname)%00%(upstream:track)%00%(upstream:remotename)%00%(upstream:remoteref) refs/heads/main refs/remotes/main [1ms]
[2022-11-04T02:48:37.654Z] > git for-each-ref --sort -committerdate --format %(refname) %(objectname) %(*objectname) [3ms]
[2022-11-04T02:48:37.654Z] > git remote --verbose [0ms]
[2022-11-04T02:48:37.658Z] > git config --get commit.template [0ms]
[2022-11-04T02:48:58.489Z] > git status -z -uall [1ms]
[2022-11-04T02:48:58.494Z] > git symbolic-ref --short HEAD [1ms]
[2022-11-04T02:48:58.497Z] > git for-each-ref --format=%(refname)%00%(upstream:short)%00%(objectname)%00%(upstream:track)%00%(upstream:remotename)%00%(upstream:remoteref) refs/heads/main refs/remotes/main [1ms]
[2022-11-04T02:48:58.502Z] > git for-each-ref --sort -committerdate --format %(refname) %(objectname) %(*objectname) [3ms]
[2022-11-04T02:48:58.502Z] > git remote --verbose [0ms]
[2022-11-04T02:48:58.506Z] > git config --get commit.template [0ms]
