[2023-03-04 06:08:24.340] [error] TypeError: Object has been destroyed
    at WindowMain.<anonymous> (/usr/lib/bitwarden/app.asar/main.js:51643:36)
    at Generator.next (<anonymous>)
    at /usr/lib/bitwarden/app.asar/main.js:51450:71
    at new Promise (<anonymous>)
    at window_main_awaiter (/usr/lib/bitwarden/app.asar/main.js:51446:12)
    at WindowMain.updateWindowState (/usr/lib/bitwarden/app.asar/main.js:51638:16)
    at WindowMain.<anonymous> (/usr/lib/bitwarden/app.asar/main.js:51591:28)
    at Generator.next (<anonymous>)
    at /usr/lib/bitwarden/app.asar/main.js:51450:71
    at new Promise (<anonymous>)
[2023-03-05 03:18:52.772] [error] TypeError: Object has been destroyed
    at WindowMain.<anonymous> (/usr/lib/bitwarden/app.asar/main.js:51643:36)
    at Generator.next (<anonymous>)
    at /usr/lib/bitwarden/app.asar/main.js:51450:71
    at new Promise (<anonymous>)
    at window_main_awaiter (/usr/lib/bitwarden/app.asar/main.js:51446:12)
    at WindowMain.updateWindowState (/usr/lib/bitwarden/app.asar/main.js:51638:16)
    at WindowMain.<anonymous> (/usr/lib/bitwarden/app.asar/main.js:51591:28)
    at Generator.next (<anonymous>)
    at /usr/lib/bitwarden/app.asar/main.js:51450:71
    at new Promise (<anonymous>)
[2023-03-05 05:55:06.527] [error] TypeError: Object has been destroyed
    at WindowMain.<anonymous> (/usr/lib/bitwarden/app.asar/main.js:51643:36)
    at Generator.next (<anonymous>)
    at /usr/lib/bitwarden/app.asar/main.js:51450:71
    at new Promise (<anonymous>)
    at window_main_awaiter (/usr/lib/bitwarden/app.asar/main.js:51446:12)
    at WindowMain.updateWindowState (/usr/lib/bitwarden/app.asar/main.js:51638:16)
    at WindowMain.<anonymous> (/usr/lib/bitwarden/app.asar/main.js:51591:28)
    at Generator.next (<anonymous>)
    at /usr/lib/bitwarden/app.asar/main.js:51450:71
    at new Promise (<anonymous>)
