[2022-11-02T18:56:25.090Z] Log level: Info
[2022-11-02T18:56:25.090Z] [info] Validating found git in: git
[2022-11-02T18:56:25.100Z] [info] Using git 2.38.1 from git
[2022-11-02T18:56:25.107Z] > git rev-parse --show-toplevel [2ms]
[2022-11-02T18:56:25.107Z] fatal: not a git repository (or any parent up to mount point /)
Stopping at filesystem boundary (GIT_DISCOVERY_ACROSS_FILESYSTEM not set).
[2022-11-02T18:56:25.111Z] > git rev-parse --show-toplevel [1ms]
[2022-11-02T18:56:25.111Z] fatal: not a git repository (or any parent up to mount point /)
Stopping at filesystem boundary (GIT_DISCOVERY_ACROSS_FILESYSTEM not set).
[2022-11-02T18:56:25.231Z] > git rev-parse --show-toplevel [1ms]
[2022-11-02T18:56:25.231Z] fatal: not a git repository (or any parent up to mount point /)
Stopping at filesystem boundary (GIT_DISCOVERY_ACROSS_FILESYSTEM not set).
[2022-11-02T18:56:27.486Z] > git rev-parse --show-toplevel [1ms]
[2022-11-02T18:56:27.486Z] fatal: not a git repository (or any parent up to mount point /)
Stopping at filesystem boundary (GIT_DISCOVERY_ACROSS_FILESYSTEM not set).
[2022-11-02T18:56:28.250Z] > git rev-parse --show-toplevel [1ms]
[2022-11-02T18:56:28.250Z] fatal: not a git repository (or any parent up to mount point /)
Stopping at filesystem boundary (GIT_DISCOVERY_ACROSS_FILESYSTEM not set).
[2022-11-02T18:56:28.851Z] > git rev-parse --show-toplevel [1ms]
[2022-11-02T18:56:28.851Z] fatal: not a git repository (or any parent up to mount point /)
Stopping at filesystem boundary (GIT_DISCOVERY_ACROSS_FILESYSTEM not set).
[2022-11-02T18:56:29.502Z] > git rev-parse --show-toplevel [1ms]
[2022-11-02T18:56:29.502Z] fatal: not a git repository (or any parent up to mount point /)
Stopping at filesystem boundary (GIT_DISCOVERY_ACROSS_FILESYSTEM not set).
[2022-11-02T18:56:31.951Z] > git rev-parse --show-toplevel [1ms]
[2022-11-02T18:56:31.951Z] fatal: not a git repository (or any parent up to mount point /)
Stopping at filesystem boundary (GIT_DISCOVERY_ACROSS_FILESYSTEM not set).
[2022-11-02T18:57:40.766Z] > git rev-parse --show-toplevel [1ms]
[2022-11-02T18:57:40.766Z] fatal: not a git repository (or any parent up to mount point /)
Stopping at filesystem boundary (GIT_DISCOVERY_ACROSS_FILESYSTEM not set).
[2022-11-02T18:58:34.192Z] > git rev-parse --show-toplevel [1ms]
[2022-11-02T18:58:34.192Z] fatal: not a git repository (or any parent up to mount point /)
Stopping at filesystem boundary (GIT_DISCOVERY_ACROSS_FILESYSTEM not set).
[2022-11-02T18:58:35.930Z] > git rev-parse --show-toplevel [1ms]
[2022-11-02T18:58:35.930Z] fatal: not a git repository (or any parent up to mount point /)
Stopping at filesystem boundary (GIT_DISCOVERY_ACROSS_FILESYSTEM not set).
